This is pdfTeX, Version 3.1415926-2.5-1.40.14 (MiKTeX 2.9) (preloaded format=pdftex 2015.10.28)  6 NOV 2015 15:27
entering extended mode
**C:/Users/Chris/Documents/GitHub/BARAP/litterature.bib
(C:/Users/Chris/Documents/GitHub/BARAP/litterature.bib
Missing character: There is no Ã in font cmr10!
Missing character: There is no ¸ in font cmr10!

! Argument of \\ has an extra }.
<inserted text> 
                \par 
<to be read again> 
                   }
l.12 ...dk/presse/nyhedsarkiv/2013/droner\_diku/$}
                                                  
? 
! Emergency stop.
<inserted text> 
                \par 
<to be read again> 
                   }
l.12 ...dk/presse/nyhedsarkiv/2013/droner\_diku/$}
                                                  
End of file on the terminal!

!  ==> Fatal error occurred, no output PDF file produced!
